[DEBUG]2016-11-03 17:01:51,321: <_sre.SRE_Match object; span=(1088, 1781), match='typedef enum {\n    ES_NO_EVENT, ES_ERROR, /* use>
[DEBUG]2016-11-03 17:01:51,331: ['ES_NO_EVENT', 'ES_ERROR', 'ES_INIT', 'ES_ENTRY', 'ES_EXIT', 'ES_KEYINPUT', 'ES_LISTEVENTS', 'ES_TIMEOUT', 'ES_TIMERACTIVE', 'ES_TIMERSTOPPED', 'BATTERY_CONNECTED', 'BATTERY_DISCONNECTED', 'NUMBEROFEVENTS']
[DEBUG]2016-11-03 17:01:51,331: 
static const char *EventNames[] = {
	"ES_NO_EVENT",
	"ES_ERROR",
	"ES_INIT",
	"ES_ENTRY",
	"ES_EXIT",
	"ES_KEYINPUT",
	"ES_LISTEVENTS",
	"ES_TIMEOUT",
	"ES_TIMERACTIVE",
	"ES_TIMERSTOPPED",
	"BATTERY_CONNECTED",
	"BATTERY_DISCONNECTED",
	"NUMBEROFEVENTS",
};


[DEBUG]2016-11-03 17:01:51,336: None
[DEBUG]2016-11-03 17:01:51,336: None
[DEBUG]2016-11-03 17:01:51,337: None
[DEBUG]2016-11-03 17:01:51,337: None
[DEBUG]2016-11-03 17:01:51,337: None
[DEBUG]2016-11-03 17:01:51,338: None
[DEBUG]2016-11-03 17:01:51,338: None
[DEBUG]2016-11-03 17:01:51,338: None
[DEBUG]2016-11-03 17:01:51,338: None
[DEBUG]2016-11-03 17:01:51,339: None
[DEBUG]2016-11-03 17:01:51,339: None
[DEBUG]2016-11-03 17:01:51,339: None
[DEBUG]2016-11-03 17:01:51,339: None
[DEBUG]2016-11-03 17:01:51,339: None
[DEBUG]2016-11-03 17:01:51,340: None
[DEBUG]2016-11-03 17:01:51,340: None
[DEBUG]2016-11-03 17:01:51,340: None
[DEBUG]2016-11-03 17:01:51,340: None
[DEBUG]2016-11-03 17:01:51,340: None
[DEBUG]2016-11-03 17:01:51,340: None
[DEBUG]2016-11-03 17:01:51,341: None
[DEBUG]2016-11-03 17:01:51,341: None
[DEBUG]2016-11-03 17:01:51,341: None
[DEBUG]2016-11-03 17:01:51,341: None
[DEBUG]2016-11-03 17:01:51,341: None
[DEBUG]2016-11-03 17:01:51,341: None
[DEBUG]2016-11-03 17:01:51,341: None
[DEBUG]2016-11-03 17:01:51,342: None
[DEBUG]2016-11-03 17:01:51,342: None
[DEBUG]2016-11-03 17:01:51,342: None
[DEBUG]2016-11-03 17:01:51,342: None
[DEBUG]2016-11-03 17:01:51,342: None
[DEBUG]2016-11-03 17:01:51,342: None
[DEBUG]2016-11-03 17:01:51,342: None
[DEBUG]2016-11-03 17:01:51,342: None
[DEBUG]2016-11-03 17:01:51,344: None
[DEBUG]2016-11-03 17:01:51,344: None
[DEBUG]2016-11-03 17:01:51,344: None
[DEBUG]2016-11-03 17:01:51,344: None
[DEBUG]2016-11-03 17:01:51,344: None
[DEBUG]2016-11-03 17:01:51,344: None
[DEBUG]2016-11-03 17:01:51,344: None
[DEBUG]2016-11-03 17:01:51,344: None
[DEBUG]2016-11-03 17:01:51,344: None
[DEBUG]2016-11-03 17:01:51,345: None
[DEBUG]2016-11-03 17:01:51,345: None
[DEBUG]2016-11-03 17:01:51,345: None
[DEBUG]2016-11-03 17:01:51,345: None
[DEBUG]2016-11-03 17:01:51,345: None
[DEBUG]2016-11-03 17:01:51,345: None
[DEBUG]2016-11-03 17:01:51,345: None
[DEBUG]2016-11-03 17:01:51,345: None
[DEBUG]2016-11-03 17:01:51,345: None
[DEBUG]2016-11-03 17:01:51,345: None
[DEBUG]2016-11-03 17:01:51,346: None
[DEBUG]2016-11-03 17:01:51,346: None
[DEBUG]2016-11-03 17:01:51,346: None
[DEBUG]2016-11-03 17:01:51,346: None
[DEBUG]2016-11-03 17:01:51,346: None
[DEBUG]2016-11-03 17:01:51,346: None
[DEBUG]2016-11-03 17:01:51,346: None
[DEBUG]2016-11-03 17:01:51,346: None
[DEBUG]2016-11-03 17:01:51,346: None
[DEBUG]2016-11-03 17:01:51,346: None
[DEBUG]2016-11-03 17:01:51,346: None
[DEBUG]2016-11-03 17:01:51,348: None
[DEBUG]2016-11-03 17:01:51,348: None
[DEBUG]2016-11-03 17:01:51,348: None
[DEBUG]2016-11-03 17:01:51,348: None
[DEBUG]2016-11-03 17:01:51,348: None
[DEBUG]2016-11-03 17:01:51,348: None
[DEBUG]2016-11-03 17:01:51,348: None
[DEBUG]2016-11-03 17:01:51,348: None
[DEBUG]2016-11-03 17:01:51,348: None
[DEBUG]2016-11-03 17:01:51,348: None
[DEBUG]2016-11-03 17:01:51,348: None
[DEBUG]2016-11-03 17:01:51,348: None
[DEBUG]2016-11-03 17:01:51,350: None
[DEBUG]2016-11-03 17:01:51,350: None
[DEBUG]2016-11-03 17:01:51,350: None
[DEBUG]2016-11-03 17:01:51,350: None
[DEBUG]2016-11-03 17:01:51,350: None
[DEBUG]2016-11-03 17:01:51,350: None
[DEBUG]2016-11-03 17:01:51,350: None
[DEBUG]2016-11-03 17:01:51,350: None
[DEBUG]2016-11-03 17:01:51,350: None
[DEBUG]2016-11-03 17:01:51,350: None
[DEBUG]2016-11-03 17:01:51,350: None
[DEBUG]2016-11-03 17:01:51,350: None
[DEBUG]2016-11-03 17:01:51,350: None
[DEBUG]2016-11-03 17:03:25,096: <_sre.SRE_Match object; span=(1088, 1781), match='typedef enum {\n    ES_NO_EVENT, ES_ERROR, /* use>
[DEBUG]2016-11-03 17:03:25,096: ['ES_NO_EVENT', 'ES_ERROR', 'ES_INIT', 'ES_ENTRY', 'ES_EXIT', 'ES_KEYINPUT', 'ES_LISTEVENTS', 'ES_TIMEOUT', 'ES_TIMERACTIVE', 'ES_TIMERSTOPPED', 'BATTERY_CONNECTED', 'BATTERY_DISCONNECTED', 'NUMBEROFEVENTS']
[DEBUG]2016-11-03 17:03:25,096: 
static const char *EventNames[] = {
	"ES_NO_EVENT",
	"ES_ERROR",
	"ES_INIT",
	"ES_ENTRY",
	"ES_EXIT",
	"ES_KEYINPUT",
	"ES_LISTEVENTS",
	"ES_TIMEOUT",
	"ES_TIMERACTIVE",
	"ES_TIMERSTOPPED",
	"BATTERY_CONNECTED",
	"BATTERY_DISCONNECTED",
	"NUMBEROFEVENTS",
};


[DEBUG]2016-11-03 17:03:25,099: None
[DEBUG]2016-11-03 17:03:25,099: None
[DEBUG]2016-11-03 17:03:25,100: None
[DEBUG]2016-11-03 17:03:25,100: None
[DEBUG]2016-11-03 17:03:25,100: None
[DEBUG]2016-11-03 17:03:25,101: None
[DEBUG]2016-11-03 17:03:25,101: None
[DEBUG]2016-11-03 17:03:25,101: None
[DEBUG]2016-11-03 17:03:25,101: None
[DEBUG]2016-11-03 17:03:25,102: None
[DEBUG]2016-11-03 17:03:25,102: None
[DEBUG]2016-11-03 17:03:25,102: None
[DEBUG]2016-11-03 17:03:25,102: None
[DEBUG]2016-11-03 17:03:25,102: None
[DEBUG]2016-11-03 17:03:25,103: None
[DEBUG]2016-11-03 17:03:25,103: None
[DEBUG]2016-11-03 17:03:25,103: None
[DEBUG]2016-11-03 17:03:25,103: None
[DEBUG]2016-11-03 17:03:25,103: None
[DEBUG]2016-11-03 17:03:25,103: None
[DEBUG]2016-11-03 17:03:25,104: None
[DEBUG]2016-11-03 17:03:25,104: None
[DEBUG]2016-11-03 17:03:25,104: None
[DEBUG]2016-11-03 17:03:25,104: None
[DEBUG]2016-11-03 17:03:25,104: None
[DEBUG]2016-11-03 17:03:25,104: None
[DEBUG]2016-11-03 17:03:25,104: None
[DEBUG]2016-11-03 17:03:25,105: None
[DEBUG]2016-11-03 17:03:25,105: None
[DEBUG]2016-11-03 17:03:25,105: None
[DEBUG]2016-11-03 17:03:25,105: None
[DEBUG]2016-11-03 17:03:25,105: None
[DEBUG]2016-11-03 17:03:25,105: None
[DEBUG]2016-11-03 17:03:25,105: None
[DEBUG]2016-11-03 17:03:25,105: None
[DEBUG]2016-11-03 17:03:25,106: None
[DEBUG]2016-11-03 17:03:25,106: None
[DEBUG]2016-11-03 17:03:25,106: None
[DEBUG]2016-11-03 17:03:25,106: None
[DEBUG]2016-11-03 17:03:25,106: None
[DEBUG]2016-11-03 17:03:25,106: None
[DEBUG]2016-11-03 17:03:25,106: None
[DEBUG]2016-11-03 17:03:25,106: None
[DEBUG]2016-11-03 17:03:25,106: None
[DEBUG]2016-11-03 17:03:25,107: None
[DEBUG]2016-11-03 17:03:25,107: None
[DEBUG]2016-11-03 17:03:25,107: None
[DEBUG]2016-11-03 17:03:25,107: None
[DEBUG]2016-11-03 17:03:25,107: None
[DEBUG]2016-11-03 17:03:25,107: None
[DEBUG]2016-11-03 17:03:25,107: None
[DEBUG]2016-11-03 17:03:25,107: None
[DEBUG]2016-11-03 17:03:25,107: None
[DEBUG]2016-11-03 17:03:25,107: None
[DEBUG]2016-11-03 17:03:25,108: None
[DEBUG]2016-11-03 17:03:25,108: None
[DEBUG]2016-11-03 17:03:25,108: None
[DEBUG]2016-11-03 17:03:25,108: None
[DEBUG]2016-11-03 17:03:25,108: None
[DEBUG]2016-11-03 17:03:25,108: None
[DEBUG]2016-11-03 17:03:25,108: None
[DEBUG]2016-11-03 17:03:25,108: None
[DEBUG]2016-11-03 17:03:25,108: None
[DEBUG]2016-11-03 17:03:25,108: None
[DEBUG]2016-11-03 17:03:25,108: None
[DEBUG]2016-11-03 17:03:25,109: None
[DEBUG]2016-11-03 17:03:25,109: None
[DEBUG]2016-11-03 17:03:25,109: None
[DEBUG]2016-11-03 17:03:25,109: None
[DEBUG]2016-11-03 17:03:25,109: None
[DEBUG]2016-11-03 17:03:25,109: None
[DEBUG]2016-11-03 17:03:25,109: None
[DEBUG]2016-11-03 17:03:25,109: None
[DEBUG]2016-11-03 17:03:25,109: None
[DEBUG]2016-11-03 17:03:25,109: None
[DEBUG]2016-11-03 17:03:25,109: None
[DEBUG]2016-11-03 17:03:25,109: None
[DEBUG]2016-11-03 17:03:25,111: None
[DEBUG]2016-11-03 17:03:25,111: None
[DEBUG]2016-11-03 17:03:25,111: None
[DEBUG]2016-11-03 17:03:25,111: None
[DEBUG]2016-11-03 17:03:25,111: None
[DEBUG]2016-11-03 17:03:25,111: None
[DEBUG]2016-11-03 17:03:25,111: None
[DEBUG]2016-11-03 17:03:25,111: None
[DEBUG]2016-11-03 17:03:25,111: None
[DEBUG]2016-11-03 17:03:25,111: None
[DEBUG]2016-11-03 17:03:25,111: None
[DEBUG]2016-11-03 17:03:25,111: None
[DEBUG]2016-11-03 17:03:25,111: None
[DEBUG]2016-11-04 18:52:01,366: <_sre.SRE_Match object; span=(1088, 1781), match='typedef enum {\n    ES_NO_EVENT, ES_ERROR, /* use>
[DEBUG]2016-11-04 18:52:01,366: ['ES_NO_EVENT', 'ES_ERROR', 'ES_INIT', 'ES_ENTRY', 'ES_EXIT', 'ES_KEYINPUT', 'ES_LISTEVENTS', 'ES_TIMEOUT', 'ES_TIMERACTIVE', 'ES_TIMERSTOPPED', 'BATTERY_CONNECTED', 'BATTERY_DISCONNECTED', 'NUMBEROFEVENTS']
[DEBUG]2016-11-04 18:52:01,366: 
static const char *EventNames[] = {
	"ES_NO_EVENT",
	"ES_ERROR",
	"ES_INIT",
	"ES_ENTRY",
	"ES_EXIT",
	"ES_KEYINPUT",
	"ES_LISTEVENTS",
	"ES_TIMEOUT",
	"ES_TIMERACTIVE",
	"ES_TIMERSTOPPED",
	"BATTERY_CONNECTED",
	"BATTERY_DISCONNECTED",
	"NUMBEROFEVENTS",
};


[DEBUG]2016-11-04 18:52:01,369: None
[DEBUG]2016-11-04 18:52:01,369: None
[DEBUG]2016-11-04 18:52:01,370: None
[DEBUG]2016-11-04 18:52:01,370: None
[DEBUG]2016-11-04 18:52:01,370: None
[DEBUG]2016-11-04 18:52:01,371: None
[DEBUG]2016-11-04 18:52:01,371: None
[DEBUG]2016-11-04 18:52:01,371: None
[DEBUG]2016-11-04 18:52:01,371: None
[DEBUG]2016-11-04 18:52:01,372: None
[DEBUG]2016-11-04 18:52:01,372: None
[DEBUG]2016-11-04 18:52:01,372: None
[DEBUG]2016-11-04 18:52:01,372: None
[DEBUG]2016-11-04 18:52:01,372: None
[DEBUG]2016-11-04 18:52:01,373: None
[DEBUG]2016-11-04 18:52:01,373: None
[DEBUG]2016-11-04 18:52:01,373: None
[DEBUG]2016-11-04 18:52:01,373: None
[DEBUG]2016-11-04 18:52:01,373: None
[DEBUG]2016-11-04 18:52:01,373: None
[DEBUG]2016-11-04 18:52:01,374: None
[DEBUG]2016-11-04 18:52:01,374: None
[DEBUG]2016-11-04 18:52:01,374: None
[DEBUG]2016-11-04 18:52:01,374: None
[DEBUG]2016-11-04 18:52:01,374: None
[DEBUG]2016-11-04 18:52:01,374: None
[DEBUG]2016-11-04 18:52:01,374: None
[DEBUG]2016-11-04 18:52:01,375: None
[DEBUG]2016-11-04 18:52:01,375: None
[DEBUG]2016-11-04 18:52:01,375: None
[DEBUG]2016-11-04 18:52:01,375: None
[DEBUG]2016-11-04 18:52:01,375: None
[DEBUG]2016-11-04 18:52:01,375: None
[DEBUG]2016-11-04 18:52:01,375: None
[DEBUG]2016-11-04 18:52:01,375: None
[DEBUG]2016-11-04 18:52:01,377: None
[DEBUG]2016-11-04 18:52:01,377: None
[DEBUG]2016-11-04 18:52:01,377: None
[DEBUG]2016-11-04 18:52:01,377: None
[DEBUG]2016-11-04 18:52:01,377: None
[DEBUG]2016-11-04 18:52:01,377: None
[DEBUG]2016-11-04 18:52:01,377: None
[DEBUG]2016-11-04 18:52:01,377: None
[DEBUG]2016-11-04 18:52:01,377: None
[DEBUG]2016-11-04 18:52:01,378: None
[DEBUG]2016-11-04 18:52:01,378: None
[DEBUG]2016-11-04 18:52:01,378: None
[DEBUG]2016-11-04 18:52:01,378: None
[DEBUG]2016-11-04 18:52:01,378: None
[DEBUG]2016-11-04 18:52:01,378: None
[DEBUG]2016-11-04 18:52:01,378: None
[DEBUG]2016-11-04 18:52:01,378: None
[DEBUG]2016-11-04 18:52:01,378: None
[DEBUG]2016-11-04 18:52:01,378: None
[DEBUG]2016-11-04 18:52:01,379: None
[DEBUG]2016-11-04 18:52:01,379: None
[DEBUG]2016-11-04 18:52:01,379: None
[DEBUG]2016-11-04 18:52:01,379: None
[DEBUG]2016-11-04 18:52:01,379: None
[DEBUG]2016-11-04 18:52:01,379: None
[DEBUG]2016-11-04 18:52:01,379: None
[DEBUG]2016-11-04 18:52:01,379: None
[DEBUG]2016-11-04 18:52:01,379: None
[DEBUG]2016-11-04 18:52:01,379: None
[DEBUG]2016-11-04 18:52:01,379: None
[DEBUG]2016-11-04 18:52:01,381: None
[DEBUG]2016-11-04 18:52:01,381: None
[DEBUG]2016-11-04 18:52:01,381: None
[DEBUG]2016-11-04 18:52:01,381: None
[DEBUG]2016-11-04 18:52:01,381: None
[DEBUG]2016-11-04 18:52:01,381: None
[DEBUG]2016-11-04 18:52:01,381: None
[DEBUG]2016-11-04 18:52:01,381: None
[DEBUG]2016-11-04 18:52:01,381: None
[DEBUG]2016-11-04 18:52:01,381: None
[DEBUG]2016-11-04 18:52:01,381: None
[DEBUG]2016-11-04 18:52:01,381: None
[DEBUG]2016-11-04 18:52:01,382: None
[DEBUG]2016-11-04 18:52:01,382: None
[DEBUG]2016-11-04 18:52:01,382: None
[DEBUG]2016-11-04 18:52:01,382: None
[DEBUG]2016-11-04 18:52:01,382: None
[DEBUG]2016-11-04 18:52:01,382: None
[DEBUG]2016-11-04 18:52:01,382: None
[DEBUG]2016-11-04 18:52:01,382: None
[DEBUG]2016-11-04 18:52:01,382: None
[DEBUG]2016-11-04 18:52:01,382: None
[DEBUG]2016-11-04 18:52:01,382: None
[DEBUG]2016-11-04 18:52:01,382: None
[DEBUG]2016-11-04 18:52:01,382: None
