[DEBUG]2016-11-05 22:47:28,867: <_sre.SRE_Match object; span=(1088, 1781), match='typedef enum {\n    ES_NO_EVENT, ES_ERROR, /* use>
[DEBUG]2016-11-05 22:47:28,867: ['ES_NO_EVENT', 'ES_ERROR', 'ES_INIT', 'ES_ENTRY', 'ES_EXIT', 'ES_KEYINPUT', 'ES_LISTEVENTS', 'ES_TIMEOUT', 'ES_TIMERACTIVE', 'ES_TIMERSTOPPED', 'BATTERY_CONNECTED', 'BATTERY_DISCONNECTED', 'NUMBEROFEVENTS']
[DEBUG]2016-11-05 22:47:28,868: 
static const char *EventNames[] = {
	"ES_NO_EVENT",
	"ES_ERROR",
	"ES_INIT",
	"ES_ENTRY",
	"ES_EXIT",
	"ES_KEYINPUT",
	"ES_LISTEVENTS",
	"ES_TIMEOUT",
	"ES_TIMERACTIVE",
	"ES_TIMERSTOPPED",
	"BATTERY_CONNECTED",
	"BATTERY_DISCONNECTED",
	"NUMBEROFEVENTS",
};


[DEBUG]2016-11-05 22:47:28,870: None
[DEBUG]2016-11-05 22:47:28,870: None
[DEBUG]2016-11-05 22:47:28,871: None
[DEBUG]2016-11-05 22:47:28,871: None
[DEBUG]2016-11-05 22:47:28,871: None
[DEBUG]2016-11-05 22:47:28,872: None
[DEBUG]2016-11-05 22:47:28,872: None
[DEBUG]2016-11-05 22:47:28,872: None
[DEBUG]2016-11-05 22:47:28,872: None
[DEBUG]2016-11-05 22:47:28,873: None
[DEBUG]2016-11-05 22:47:28,873: None
[DEBUG]2016-11-05 22:47:28,873: None
[DEBUG]2016-11-05 22:47:28,873: None
[DEBUG]2016-11-05 22:47:28,873: None
[DEBUG]2016-11-05 22:47:28,874: None
[DEBUG]2016-11-05 22:47:28,874: None
[DEBUG]2016-11-05 22:47:28,874: None
[DEBUG]2016-11-05 22:47:28,874: None
[DEBUG]2016-11-05 22:47:28,874: None
[DEBUG]2016-11-05 22:47:28,874: None
[DEBUG]2016-11-05 22:47:28,875: None
[DEBUG]2016-11-05 22:47:28,875: None
[DEBUG]2016-11-05 22:47:28,875: None
[DEBUG]2016-11-05 22:47:28,875: None
[DEBUG]2016-11-05 22:47:28,875: None
[DEBUG]2016-11-05 22:47:28,875: None
[DEBUG]2016-11-05 22:47:28,875: None
[DEBUG]2016-11-05 22:47:28,876: None
[DEBUG]2016-11-05 22:47:28,876: None
[DEBUG]2016-11-05 22:47:28,876: None
[DEBUG]2016-11-05 22:47:28,876: None
[DEBUG]2016-11-05 22:47:28,876: None
[DEBUG]2016-11-05 22:47:28,876: None
[DEBUG]2016-11-05 22:47:28,876: None
[DEBUG]2016-11-05 22:47:28,876: None
[DEBUG]2016-11-05 22:47:28,877: None
[DEBUG]2016-11-05 22:47:28,877: None
[DEBUG]2016-11-05 22:47:28,877: None
[DEBUG]2016-11-05 22:47:28,877: None
[DEBUG]2016-11-05 22:47:28,877: None
[DEBUG]2016-11-05 22:47:28,877: None
[DEBUG]2016-11-05 22:47:28,877: None
[DEBUG]2016-11-05 22:47:28,877: None
[DEBUG]2016-11-05 22:47:28,877: None
[DEBUG]2016-11-05 22:47:28,878: None
[DEBUG]2016-11-05 22:47:28,878: None
[DEBUG]2016-11-05 22:47:28,878: None
[DEBUG]2016-11-05 22:47:28,878: None
[DEBUG]2016-11-05 22:47:28,878: None
[DEBUG]2016-11-05 22:47:28,878: None
[DEBUG]2016-11-05 22:47:28,878: None
[DEBUG]2016-11-05 22:47:28,878: None
[DEBUG]2016-11-05 22:47:28,878: None
[DEBUG]2016-11-05 22:47:28,878: None
[DEBUG]2016-11-05 22:47:28,880: None
[DEBUG]2016-11-05 22:47:28,880: None
[DEBUG]2016-11-05 22:47:28,880: None
[DEBUG]2016-11-05 22:47:28,880: None
[DEBUG]2016-11-05 22:47:28,880: None
[DEBUG]2016-11-05 22:47:28,880: None
[DEBUG]2016-11-05 22:47:28,880: None
[DEBUG]2016-11-05 22:47:28,880: None
[DEBUG]2016-11-05 22:47:28,880: None
[DEBUG]2016-11-05 22:47:28,880: None
[DEBUG]2016-11-05 22:47:28,880: None
[DEBUG]2016-11-05 22:47:28,881: None
[DEBUG]2016-11-05 22:47:28,881: None
[DEBUG]2016-11-05 22:47:28,881: None
[DEBUG]2016-11-05 22:47:28,881: None
[DEBUG]2016-11-05 22:47:28,881: None
[DEBUG]2016-11-05 22:47:28,881: None
[DEBUG]2016-11-05 22:47:28,881: None
[DEBUG]2016-11-05 22:47:28,881: None
[DEBUG]2016-11-05 22:47:28,881: None
[DEBUG]2016-11-05 22:47:28,881: None
[DEBUG]2016-11-05 22:47:28,881: None
[DEBUG]2016-11-05 22:47:28,881: None
[DEBUG]2016-11-05 22:47:28,882: None
[DEBUG]2016-11-05 22:47:28,882: None
[DEBUG]2016-11-05 22:47:28,882: None
[DEBUG]2016-11-05 22:47:28,882: None
[DEBUG]2016-11-05 22:47:28,882: None
[DEBUG]2016-11-05 22:47:28,882: None
[DEBUG]2016-11-05 22:47:28,882: None
[DEBUG]2016-11-05 22:47:28,882: None
[DEBUG]2016-11-05 22:47:28,882: None
[DEBUG]2016-11-05 22:47:28,882: None
[DEBUG]2016-11-05 22:47:28,882: None
[DEBUG]2016-11-05 22:47:28,882: None
[DEBUG]2016-11-05 22:47:28,882: None
[DEBUG]2016-11-05 22:47:28,884: None
[DEBUG]2016-11-05 22:47:28,884: None
[DEBUG]2016-11-05 22:47:28,884: None
[DEBUG]2016-11-05 22:47:28,884: None
[DEBUG]2016-11-05 22:47:28,884: None
[DEBUG]2016-11-05 22:47:28,884: None
[DEBUG]2016-11-05 22:47:28,884: None
[DEBUG]2016-11-05 22:47:28,884: None
[DEBUG]2016-11-05 22:47:28,884: None
[DEBUG]2016-11-05 22:47:28,884: None
[DEBUG]2016-11-05 22:47:28,884: None
[DEBUG]2016-11-05 22:47:28,884: None
[DEBUG]2016-11-05 22:47:28,884: None
[DEBUG]2016-11-05 22:47:28,884: None
[DEBUG]2016-11-05 22:47:28,885: None
[DEBUG]2016-11-05 22:47:28,885: None
[DEBUG]2016-11-05 22:47:28,885: None
[DEBUG]2016-11-05 22:47:28,885: None
[DEBUG]2016-11-05 22:47:28,885: None
[DEBUG]2016-11-05 22:47:28,885: None
[DEBUG]2016-11-05 22:47:28,885: None
[DEBUG]2016-11-05 22:47:28,885: None
[DEBUG]2016-11-05 22:47:28,885: None
[DEBUG]2016-11-05 22:47:28,885: None
[DEBUG]2016-11-05 22:47:28,885: None
[DEBUG]2016-11-05 22:47:28,885: None
[DEBUG]2016-11-05 22:47:28,885: None
[DEBUG]2016-11-05 22:47:28,885: None
[DEBUG]2016-11-05 22:47:28,885: None
[DEBUG]2016-11-05 22:48:08,475: <_sre.SRE_Match object; span=(1088, 1781), match='typedef enum {\n    ES_NO_EVENT, ES_ERROR, /* use>
[DEBUG]2016-11-05 22:48:08,476: ['ES_NO_EVENT', 'ES_ERROR', 'ES_INIT', 'ES_ENTRY', 'ES_EXIT', 'ES_KEYINPUT', 'ES_LISTEVENTS', 'ES_TIMEOUT', 'ES_TIMERACTIVE', 'ES_TIMERSTOPPED', 'BATTERY_CONNECTED', 'BATTERY_DISCONNECTED', 'NUMBEROFEVENTS']
[DEBUG]2016-11-05 22:48:08,476: 
static const char *EventNames[] = {
	"ES_NO_EVENT",
	"ES_ERROR",
	"ES_INIT",
	"ES_ENTRY",
	"ES_EXIT",
	"ES_KEYINPUT",
	"ES_LISTEVENTS",
	"ES_TIMEOUT",
	"ES_TIMERACTIVE",
	"ES_TIMERSTOPPED",
	"BATTERY_CONNECTED",
	"BATTERY_DISCONNECTED",
	"NUMBEROFEVENTS",
};


[DEBUG]2016-11-05 22:48:08,478: None
[DEBUG]2016-11-05 22:48:08,478: None
[DEBUG]2016-11-05 22:48:08,479: None
[DEBUG]2016-11-05 22:48:08,479: None
[DEBUG]2016-11-05 22:48:08,479: None
[DEBUG]2016-11-05 22:48:08,480: None
[DEBUG]2016-11-05 22:48:08,480: None
[DEBUG]2016-11-05 22:48:08,480: None
[DEBUG]2016-11-05 22:48:08,480: None
[DEBUG]2016-11-05 22:48:08,481: None
[DEBUG]2016-11-05 22:48:08,481: None
[DEBUG]2016-11-05 22:48:08,481: None
[DEBUG]2016-11-05 22:48:08,481: None
[DEBUG]2016-11-05 22:48:08,481: None
[DEBUG]2016-11-05 22:48:08,482: None
[DEBUG]2016-11-05 22:48:08,482: None
[DEBUG]2016-11-05 22:48:08,482: None
[DEBUG]2016-11-05 22:48:08,482: None
[DEBUG]2016-11-05 22:48:08,482: None
[DEBUG]2016-11-05 22:48:08,482: None
[DEBUG]2016-11-05 22:48:08,483: None
[DEBUG]2016-11-05 22:48:08,483: None
[DEBUG]2016-11-05 22:48:08,483: None
[DEBUG]2016-11-05 22:48:08,483: None
[DEBUG]2016-11-05 22:48:08,483: None
[DEBUG]2016-11-05 22:48:08,483: None
[DEBUG]2016-11-05 22:48:08,483: None
[DEBUG]2016-11-05 22:48:08,485: None
[DEBUG]2016-11-05 22:48:08,485: None
[DEBUG]2016-11-05 22:48:08,485: None
[DEBUG]2016-11-05 22:48:08,485: None
[DEBUG]2016-11-05 22:48:08,485: None
[DEBUG]2016-11-05 22:48:08,485: None
[DEBUG]2016-11-05 22:48:08,485: None
[DEBUG]2016-11-05 22:48:08,485: None
[DEBUG]2016-11-05 22:48:08,486: None
[DEBUG]2016-11-05 22:48:08,486: None
[DEBUG]2016-11-05 22:48:08,486: None
[DEBUG]2016-11-05 22:48:08,486: None
[DEBUG]2016-11-05 22:48:08,486: None
[DEBUG]2016-11-05 22:48:08,486: None
[DEBUG]2016-11-05 22:48:08,486: None
[DEBUG]2016-11-05 22:48:08,486: None
[DEBUG]2016-11-05 22:48:08,486: None
[DEBUG]2016-11-05 22:48:08,487: None
[DEBUG]2016-11-05 22:48:08,487: None
[DEBUG]2016-11-05 22:48:08,487: None
[DEBUG]2016-11-05 22:48:08,487: None
[DEBUG]2016-11-05 22:48:08,487: None
[DEBUG]2016-11-05 22:48:08,487: None
[DEBUG]2016-11-05 22:48:08,487: None
[DEBUG]2016-11-05 22:48:08,487: None
[DEBUG]2016-11-05 22:48:08,487: None
[DEBUG]2016-11-05 22:48:08,487: None
[DEBUG]2016-11-05 22:48:08,489: None
[DEBUG]2016-11-05 22:48:08,489: None
[DEBUG]2016-11-05 22:48:08,489: None
[DEBUG]2016-11-05 22:48:08,489: None
[DEBUG]2016-11-05 22:48:08,489: None
[DEBUG]2016-11-05 22:48:08,489: None
[DEBUG]2016-11-05 22:48:08,489: None
[DEBUG]2016-11-05 22:48:08,489: None
[DEBUG]2016-11-05 22:48:08,489: None
[DEBUG]2016-11-05 22:48:08,489: None
[DEBUG]2016-11-05 22:48:08,489: None
[DEBUG]2016-11-05 22:48:08,490: None
[DEBUG]2016-11-05 22:48:08,490: None
[DEBUG]2016-11-05 22:48:08,490: None
[DEBUG]2016-11-05 22:48:08,490: None
[DEBUG]2016-11-05 22:48:08,490: None
[DEBUG]2016-11-05 22:48:08,490: None
[DEBUG]2016-11-05 22:48:08,490: None
[DEBUG]2016-11-05 22:48:08,490: None
[DEBUG]2016-11-05 22:48:08,490: None
[DEBUG]2016-11-05 22:48:08,490: None
[DEBUG]2016-11-05 22:48:08,490: None
[DEBUG]2016-11-05 22:48:08,490: None
[DEBUG]2016-11-05 22:48:08,492: None
[DEBUG]2016-11-05 22:48:08,492: None
[DEBUG]2016-11-05 22:48:08,492: None
[DEBUG]2016-11-05 22:48:08,492: None
[DEBUG]2016-11-05 22:48:08,492: None
[DEBUG]2016-11-05 22:48:08,492: None
[DEBUG]2016-11-05 22:48:08,492: None
[DEBUG]2016-11-05 22:48:08,492: None
[DEBUG]2016-11-05 22:48:08,492: None
[DEBUG]2016-11-05 22:48:08,492: None
[DEBUG]2016-11-05 22:48:08,492: None
[DEBUG]2016-11-05 22:48:08,492: None
[DEBUG]2016-11-05 22:48:08,492: None
[DEBUG]2016-11-05 22:48:08,493: None
[DEBUG]2016-11-05 22:48:08,493: None
[DEBUG]2016-11-05 22:48:08,493: None
[DEBUG]2016-11-05 22:48:08,493: None
[DEBUG]2016-11-05 22:48:08,493: None
[DEBUG]2016-11-05 22:48:08,493: None
[DEBUG]2016-11-05 22:48:08,493: None
[DEBUG]2016-11-05 22:48:08,493: None
[DEBUG]2016-11-05 22:48:08,493: None
[DEBUG]2016-11-05 22:48:08,493: None
[DEBUG]2016-11-05 22:48:08,493: None
[DEBUG]2016-11-05 22:48:08,493: None
[DEBUG]2016-11-05 22:48:08,493: None
[DEBUG]2016-11-05 22:48:08,493: None
[DEBUG]2016-11-05 22:48:20,345: <_sre.SRE_Match object; span=(1088, 1781), match='typedef enum {\n    ES_NO_EVENT, ES_ERROR, /* use>
[DEBUG]2016-11-05 22:48:20,345: ['ES_NO_EVENT', 'ES_ERROR', 'ES_INIT', 'ES_ENTRY', 'ES_EXIT', 'ES_KEYINPUT', 'ES_LISTEVENTS', 'ES_TIMEOUT', 'ES_TIMERACTIVE', 'ES_TIMERSTOPPED', 'BATTERY_CONNECTED', 'BATTERY_DISCONNECTED', 'NUMBEROFEVENTS']
[DEBUG]2016-11-05 22:48:20,345: 
static const char *EventNames[] = {
	"ES_NO_EVENT",
	"ES_ERROR",
	"ES_INIT",
	"ES_ENTRY",
	"ES_EXIT",
	"ES_KEYINPUT",
	"ES_LISTEVENTS",
	"ES_TIMEOUT",
	"ES_TIMERACTIVE",
	"ES_TIMERSTOPPED",
	"BATTERY_CONNECTED",
	"BATTERY_DISCONNECTED",
	"NUMBEROFEVENTS",
};


[DEBUG]2016-11-05 22:48:20,348: None
[DEBUG]2016-11-05 22:48:20,348: None
[DEBUG]2016-11-05 22:48:20,349: None
[DEBUG]2016-11-05 22:48:20,349: None
[DEBUG]2016-11-05 22:48:20,349: None
[DEBUG]2016-11-05 22:48:20,350: None
[DEBUG]2016-11-05 22:48:20,350: None
[DEBUG]2016-11-05 22:48:20,350: None
[DEBUG]2016-11-05 22:48:20,350: None
[DEBUG]2016-11-05 22:48:20,351: None
[DEBUG]2016-11-05 22:48:20,351: None
[DEBUG]2016-11-05 22:48:20,351: None
[DEBUG]2016-11-05 22:48:20,351: None
[DEBUG]2016-11-05 22:48:20,351: None
[DEBUG]2016-11-05 22:48:20,352: None
[DEBUG]2016-11-05 22:48:20,352: None
[DEBUG]2016-11-05 22:48:20,352: None
[DEBUG]2016-11-05 22:48:20,352: None
[DEBUG]2016-11-05 22:48:20,352: None
[DEBUG]2016-11-05 22:48:20,352: None
[DEBUG]2016-11-05 22:48:20,353: None
[DEBUG]2016-11-05 22:48:20,353: None
[DEBUG]2016-11-05 22:48:20,353: None
[DEBUG]2016-11-05 22:48:20,353: None
[DEBUG]2016-11-05 22:48:20,353: None
[DEBUG]2016-11-05 22:48:20,353: None
[DEBUG]2016-11-05 22:48:20,353: None
[DEBUG]2016-11-05 22:48:20,354: None
[DEBUG]2016-11-05 22:48:20,354: None
[DEBUG]2016-11-05 22:48:20,354: None
[DEBUG]2016-11-05 22:48:20,354: None
[DEBUG]2016-11-05 22:48:20,354: None
[DEBUG]2016-11-05 22:48:20,354: None
[DEBUG]2016-11-05 22:48:20,354: None
[DEBUG]2016-11-05 22:48:20,354: None
[DEBUG]2016-11-05 22:48:20,355: None
[DEBUG]2016-11-05 22:48:20,355: None
[DEBUG]2016-11-05 22:48:20,355: None
[DEBUG]2016-11-05 22:48:20,355: None
[DEBUG]2016-11-05 22:48:20,355: None
[DEBUG]2016-11-05 22:48:20,355: None
[DEBUG]2016-11-05 22:48:20,355: None
[DEBUG]2016-11-05 22:48:20,355: None
[DEBUG]2016-11-05 22:48:20,355: None
[DEBUG]2016-11-05 22:48:20,356: None
[DEBUG]2016-11-05 22:48:20,356: None
[DEBUG]2016-11-05 22:48:20,356: None
[DEBUG]2016-11-05 22:48:20,356: None
[DEBUG]2016-11-05 22:48:20,356: None
[DEBUG]2016-11-05 22:48:20,356: None
[DEBUG]2016-11-05 22:48:20,356: None
[DEBUG]2016-11-05 22:48:20,356: None
[DEBUG]2016-11-05 22:48:20,356: None
[DEBUG]2016-11-05 22:48:20,356: None
[DEBUG]2016-11-05 22:48:20,358: None
[DEBUG]2016-11-05 22:48:20,358: None
[DEBUG]2016-11-05 22:48:20,358: None
[DEBUG]2016-11-05 22:48:20,358: None
[DEBUG]2016-11-05 22:48:20,358: None
[DEBUG]2016-11-05 22:48:20,358: None
[DEBUG]2016-11-05 22:48:20,358: None
[DEBUG]2016-11-05 22:48:20,358: None
[DEBUG]2016-11-05 22:48:20,358: None
[DEBUG]2016-11-05 22:48:20,358: None
[DEBUG]2016-11-05 22:48:20,358: None
[DEBUG]2016-11-05 22:48:20,359: None
[DEBUG]2016-11-05 22:48:20,359: None
[DEBUG]2016-11-05 22:48:20,359: None
[DEBUG]2016-11-05 22:48:20,359: None
[DEBUG]2016-11-05 22:48:20,359: None
[DEBUG]2016-11-05 22:48:20,359: None
[DEBUG]2016-11-05 22:48:20,359: None
[DEBUG]2016-11-05 22:48:20,359: None
[DEBUG]2016-11-05 22:48:20,359: None
[DEBUG]2016-11-05 22:48:20,359: None
[DEBUG]2016-11-05 22:48:20,359: None
[DEBUG]2016-11-05 22:48:20,359: None
[DEBUG]2016-11-05 22:48:20,361: None
[DEBUG]2016-11-05 22:48:20,361: None
[DEBUG]2016-11-05 22:48:20,361: None
[DEBUG]2016-11-05 22:48:20,361: None
[DEBUG]2016-11-05 22:48:20,361: None
[DEBUG]2016-11-05 22:48:20,361: None
[DEBUG]2016-11-05 22:48:20,361: None
[DEBUG]2016-11-05 22:48:20,361: None
[DEBUG]2016-11-05 22:48:20,361: None
[DEBUG]2016-11-05 22:48:20,361: None
[DEBUG]2016-11-05 22:48:20,361: None
[DEBUG]2016-11-05 22:48:20,361: None
[DEBUG]2016-11-05 22:48:20,361: None
[DEBUG]2016-11-05 22:48:20,362: None
[DEBUG]2016-11-05 22:48:20,362: None
[DEBUG]2016-11-05 22:48:20,362: None
[DEBUG]2016-11-05 22:48:20,362: None
[DEBUG]2016-11-05 22:48:20,362: None
[DEBUG]2016-11-05 22:48:20,362: None
[DEBUG]2016-11-05 22:48:20,362: None
[DEBUG]2016-11-05 22:48:20,362: None
[DEBUG]2016-11-05 22:48:20,362: None
[DEBUG]2016-11-05 22:48:20,362: None
[DEBUG]2016-11-05 22:48:20,362: None
[DEBUG]2016-11-05 22:48:20,362: None
[DEBUG]2016-11-05 22:48:20,362: None
[DEBUG]2016-11-05 22:48:20,362: None
[DEBUG]2016-11-05 22:48:42,186: <_sre.SRE_Match object; span=(1088, 1781), match='typedef enum {\n    ES_NO_EVENT, ES_ERROR, /* use>
[DEBUG]2016-11-05 22:48:42,186: ['ES_NO_EVENT', 'ES_ERROR', 'ES_INIT', 'ES_ENTRY', 'ES_EXIT', 'ES_KEYINPUT', 'ES_LISTEVENTS', 'ES_TIMEOUT', 'ES_TIMERACTIVE', 'ES_TIMERSTOPPED', 'BATTERY_CONNECTED', 'BATTERY_DISCONNECTED', 'NUMBEROFEVENTS']
[DEBUG]2016-11-05 22:48:42,186: 
static const char *EventNames[] = {
	"ES_NO_EVENT",
	"ES_ERROR",
	"ES_INIT",
	"ES_ENTRY",
	"ES_EXIT",
	"ES_KEYINPUT",
	"ES_LISTEVENTS",
	"ES_TIMEOUT",
	"ES_TIMERACTIVE",
	"ES_TIMERSTOPPED",
	"BATTERY_CONNECTED",
	"BATTERY_DISCONNECTED",
	"NUMBEROFEVENTS",
};


[DEBUG]2016-11-05 22:48:42,189: None
[DEBUG]2016-11-05 22:48:42,189: None
[DEBUG]2016-11-05 22:48:42,190: None
[DEBUG]2016-11-05 22:48:42,190: None
[DEBUG]2016-11-05 22:48:42,190: None
[DEBUG]2016-11-05 22:48:42,191: None
[DEBUG]2016-11-05 22:48:42,191: None
[DEBUG]2016-11-05 22:48:42,191: None
[DEBUG]2016-11-05 22:48:42,191: None
[DEBUG]2016-11-05 22:48:42,192: None
[DEBUG]2016-11-05 22:48:42,192: None
[DEBUG]2016-11-05 22:48:42,192: None
[DEBUG]2016-11-05 22:48:42,192: None
[DEBUG]2016-11-05 22:48:42,192: None
[DEBUG]2016-11-05 22:48:42,193: None
[DEBUG]2016-11-05 22:48:42,193: None
[DEBUG]2016-11-05 22:48:42,193: None
[DEBUG]2016-11-05 22:48:42,193: None
[DEBUG]2016-11-05 22:48:42,193: None
[DEBUG]2016-11-05 22:48:42,193: None
[DEBUG]2016-11-05 22:48:42,194: None
[DEBUG]2016-11-05 22:48:42,194: None
[DEBUG]2016-11-05 22:48:42,194: None
[DEBUG]2016-11-05 22:48:42,194: None
[DEBUG]2016-11-05 22:48:42,194: None
[DEBUG]2016-11-05 22:48:42,194: None
[DEBUG]2016-11-05 22:48:42,194: None
[DEBUG]2016-11-05 22:48:42,195: None
[DEBUG]2016-11-05 22:48:42,195: None
[DEBUG]2016-11-05 22:48:42,195: None
[DEBUG]2016-11-05 22:48:42,195: None
[DEBUG]2016-11-05 22:48:42,195: None
[DEBUG]2016-11-05 22:48:42,195: None
[DEBUG]2016-11-05 22:48:42,195: None
[DEBUG]2016-11-05 22:48:42,195: None
[DEBUG]2016-11-05 22:48:42,196: None
[DEBUG]2016-11-05 22:48:42,196: None
[DEBUG]2016-11-05 22:48:42,196: None
[DEBUG]2016-11-05 22:48:42,196: None
[DEBUG]2016-11-05 22:48:42,196: None
[DEBUG]2016-11-05 22:48:42,196: None
[DEBUG]2016-11-05 22:48:42,196: None
[DEBUG]2016-11-05 22:48:42,196: None
[DEBUG]2016-11-05 22:48:42,196: None
[DEBUG]2016-11-05 22:48:42,198: None
[DEBUG]2016-11-05 22:48:42,198: None
[DEBUG]2016-11-05 22:48:42,198: None
[DEBUG]2016-11-05 22:48:42,198: None
[DEBUG]2016-11-05 22:48:42,198: None
[DEBUG]2016-11-05 22:48:42,198: None
[DEBUG]2016-11-05 22:48:42,198: None
[DEBUG]2016-11-05 22:48:42,198: None
[DEBUG]2016-11-05 22:48:42,198: None
[DEBUG]2016-11-05 22:48:42,198: None
[DEBUG]2016-11-05 22:48:42,199: None
[DEBUG]2016-11-05 22:48:42,199: None
[DEBUG]2016-11-05 22:48:42,199: None
[DEBUG]2016-11-05 22:48:42,199: None
[DEBUG]2016-11-05 22:48:42,199: None
[DEBUG]2016-11-05 22:48:42,199: None
[DEBUG]2016-11-05 22:48:42,199: None
[DEBUG]2016-11-05 22:48:42,199: None
[DEBUG]2016-11-05 22:48:42,199: None
[DEBUG]2016-11-05 22:48:42,199: None
[DEBUG]2016-11-05 22:48:42,199: None
[DEBUG]2016-11-05 22:48:42,200: None
[DEBUG]2016-11-05 22:48:42,200: None
[DEBUG]2016-11-05 22:48:42,200: None
[DEBUG]2016-11-05 22:48:42,200: None
[DEBUG]2016-11-05 22:48:42,200: None
[DEBUG]2016-11-05 22:48:42,200: None
[DEBUG]2016-11-05 22:48:42,200: None
[DEBUG]2016-11-05 22:48:42,200: None
[DEBUG]2016-11-05 22:48:42,200: None
[DEBUG]2016-11-05 22:48:42,200: None
[DEBUG]2016-11-05 22:48:42,200: None
[DEBUG]2016-11-05 22:48:42,200: None
[DEBUG]2016-11-05 22:48:42,202: None
[DEBUG]2016-11-05 22:48:42,202: None
[DEBUG]2016-11-05 22:48:42,202: None
[DEBUG]2016-11-05 22:48:42,202: None
[DEBUG]2016-11-05 22:48:42,202: None
[DEBUG]2016-11-05 22:48:42,202: None
[DEBUG]2016-11-05 22:48:42,202: None
[DEBUG]2016-11-05 22:48:42,202: None
[DEBUG]2016-11-05 22:48:42,202: None
[DEBUG]2016-11-05 22:48:42,202: None
[DEBUG]2016-11-05 22:48:42,202: None
[DEBUG]2016-11-05 22:48:42,202: None
[DEBUG]2016-11-05 22:48:42,202: None
[DEBUG]2016-11-05 22:48:42,203: None
[DEBUG]2016-11-05 22:48:42,203: None
[DEBUG]2016-11-05 22:48:42,203: None
[DEBUG]2016-11-05 22:48:42,203: None
[DEBUG]2016-11-05 22:48:42,203: None
[DEBUG]2016-11-05 22:48:42,203: None
[DEBUG]2016-11-05 22:48:42,203: None
[DEBUG]2016-11-05 22:48:42,203: None
[DEBUG]2016-11-05 22:48:42,203: None
[DEBUG]2016-11-05 22:48:42,203: None
[DEBUG]2016-11-05 22:48:42,203: None
[DEBUG]2016-11-05 22:48:42,203: None
[DEBUG]2016-11-05 22:48:42,203: None
[DEBUG]2016-11-05 22:48:42,203: None
[DEBUG]2016-11-05 22:49:17,920: <_sre.SRE_Match object; span=(1088, 1781), match='typedef enum {\n    ES_NO_EVENT, ES_ERROR, /* use>
[DEBUG]2016-11-05 22:49:17,921: ['ES_NO_EVENT', 'ES_ERROR', 'ES_INIT', 'ES_ENTRY', 'ES_EXIT', 'ES_KEYINPUT', 'ES_LISTEVENTS', 'ES_TIMEOUT', 'ES_TIMERACTIVE', 'ES_TIMERSTOPPED', 'BATTERY_CONNECTED', 'BATTERY_DISCONNECTED', 'NUMBEROFEVENTS']
[DEBUG]2016-11-05 22:49:17,921: 
static const char *EventNames[] = {
	"ES_NO_EVENT",
	"ES_ERROR",
	"ES_INIT",
	"ES_ENTRY",
	"ES_EXIT",
	"ES_KEYINPUT",
	"ES_LISTEVENTS",
	"ES_TIMEOUT",
	"ES_TIMERACTIVE",
	"ES_TIMERSTOPPED",
	"BATTERY_CONNECTED",
	"BATTERY_DISCONNECTED",
	"NUMBEROFEVENTS",
};


[DEBUG]2016-11-05 22:49:17,923: None
[DEBUG]2016-11-05 22:49:17,923: None
[DEBUG]2016-11-05 22:49:17,924: None
[DEBUG]2016-11-05 22:49:17,924: None
[DEBUG]2016-11-05 22:49:17,924: None
[DEBUG]2016-11-05 22:49:17,926: None
[DEBUG]2016-11-05 22:49:17,926: None
[DEBUG]2016-11-05 22:49:17,926: None
[DEBUG]2016-11-05 22:49:17,926: None
[DEBUG]2016-11-05 22:49:17,927: None
[DEBUG]2016-11-05 22:49:17,927: None
[DEBUG]2016-11-05 22:49:17,927: None
[DEBUG]2016-11-05 22:49:17,927: None
[DEBUG]2016-11-05 22:49:17,927: None
[DEBUG]2016-11-05 22:49:17,928: None
[DEBUG]2016-11-05 22:49:17,928: None
[DEBUG]2016-11-05 22:49:17,928: None
[DEBUG]2016-11-05 22:49:17,928: None
[DEBUG]2016-11-05 22:49:17,928: None
[DEBUG]2016-11-05 22:49:17,928: None
[DEBUG]2016-11-05 22:49:17,929: None
[DEBUG]2016-11-05 22:49:17,929: None
[DEBUG]2016-11-05 22:49:17,929: None
[DEBUG]2016-11-05 22:49:17,929: None
[DEBUG]2016-11-05 22:49:17,929: None
[DEBUG]2016-11-05 22:49:17,929: None
[DEBUG]2016-11-05 22:49:17,929: None
[DEBUG]2016-11-05 22:49:17,930: None
[DEBUG]2016-11-05 22:49:17,930: None
[DEBUG]2016-11-05 22:49:17,930: None
[DEBUG]2016-11-05 22:49:17,930: None
[DEBUG]2016-11-05 22:49:17,930: None
[DEBUG]2016-11-05 22:49:17,930: None
[DEBUG]2016-11-05 22:49:17,930: None
[DEBUG]2016-11-05 22:49:17,930: None
[DEBUG]2016-11-05 22:49:17,931: None
[DEBUG]2016-11-05 22:49:17,931: None
[DEBUG]2016-11-05 22:49:17,931: None
[DEBUG]2016-11-05 22:49:17,931: None
[DEBUG]2016-11-05 22:49:17,931: None
[DEBUG]2016-11-05 22:49:17,931: None
[DEBUG]2016-11-05 22:49:17,931: None
[DEBUG]2016-11-05 22:49:17,931: None
[DEBUG]2016-11-05 22:49:17,931: None
[DEBUG]2016-11-05 22:49:17,933: None
[DEBUG]2016-11-05 22:49:17,933: None
[DEBUG]2016-11-05 22:49:17,933: None
[DEBUG]2016-11-05 22:49:17,933: None
[DEBUG]2016-11-05 22:49:17,933: None
[DEBUG]2016-11-05 22:49:17,933: None
[DEBUG]2016-11-05 22:49:17,933: None
[DEBUG]2016-11-05 22:49:17,933: None
[DEBUG]2016-11-05 22:49:17,933: None
[DEBUG]2016-11-05 22:49:17,933: None
[DEBUG]2016-11-05 22:49:17,935: None
[DEBUG]2016-11-05 22:49:17,935: None
[DEBUG]2016-11-05 22:49:17,935: None
[DEBUG]2016-11-05 22:49:17,935: None
[DEBUG]2016-11-05 22:49:17,935: None
[DEBUG]2016-11-05 22:49:17,935: None
[DEBUG]2016-11-05 22:49:17,935: None
[DEBUG]2016-11-05 22:49:17,935: None
[DEBUG]2016-11-05 22:49:17,935: None
[DEBUG]2016-11-05 22:49:17,935: None
[DEBUG]2016-11-05 22:49:17,935: None
[DEBUG]2016-11-05 22:49:17,936: None
[DEBUG]2016-11-05 22:49:17,936: None
[DEBUG]2016-11-05 22:49:17,936: None
[DEBUG]2016-11-05 22:49:17,936: None
[DEBUG]2016-11-05 22:49:17,936: None
[DEBUG]2016-11-05 22:49:17,936: None
[DEBUG]2016-11-05 22:49:17,936: None
[DEBUG]2016-11-05 22:49:17,936: None
[DEBUG]2016-11-05 22:49:17,936: None
[DEBUG]2016-11-05 22:49:17,936: None
[DEBUG]2016-11-05 22:49:17,936: None
[DEBUG]2016-11-05 22:49:17,936: None
[DEBUG]2016-11-05 22:49:17,938: None
[DEBUG]2016-11-05 22:49:17,938: None
[DEBUG]2016-11-05 22:49:17,938: None
[DEBUG]2016-11-05 22:49:17,938: None
[DEBUG]2016-11-05 22:49:17,938: None
[DEBUG]2016-11-05 22:49:17,938: None
[DEBUG]2016-11-05 22:49:17,938: None
[DEBUG]2016-11-05 22:49:17,938: None
[DEBUG]2016-11-05 22:49:17,938: None
[DEBUG]2016-11-05 22:49:17,938: None
[DEBUG]2016-11-05 22:49:17,938: None
[DEBUG]2016-11-05 22:49:17,938: None
[DEBUG]2016-11-05 22:49:17,938: None
[DEBUG]2016-11-05 22:49:17,939: None
[DEBUG]2016-11-05 22:49:17,939: None
[DEBUG]2016-11-05 22:49:17,939: None
[DEBUG]2016-11-05 22:49:17,939: None
[DEBUG]2016-11-05 22:49:17,939: None
[DEBUG]2016-11-05 22:49:17,939: None
[DEBUG]2016-11-05 22:49:17,939: None
[DEBUG]2016-11-05 22:49:17,939: None
[DEBUG]2016-11-05 22:49:17,939: None
[DEBUG]2016-11-05 22:49:17,939: None
[DEBUG]2016-11-05 22:49:17,939: None
[DEBUG]2016-11-05 22:49:17,939: None
[DEBUG]2016-11-05 22:49:17,939: None
[DEBUG]2016-11-05 22:49:17,939: None
[DEBUG]2016-11-05 22:52:04,918: <_sre.SRE_Match object; span=(1081, 1774), match='typedef enum {\n    ES_NO_EVENT, ES_ERROR, /* use>
[DEBUG]2016-11-05 22:52:04,918: ['ES_NO_EVENT', 'ES_ERROR', 'ES_INIT', 'ES_ENTRY', 'ES_EXIT', 'ES_KEYINPUT', 'ES_LISTEVENTS', 'ES_TIMEOUT', 'ES_TIMERACTIVE', 'ES_TIMERSTOPPED', 'BATTERY_CONNECTED', 'BATTERY_DISCONNECTED', 'NUMBEROFEVENTS']
[DEBUG]2016-11-05 22:52:04,918: 
static const char *EventNames[] = {
	"ES_NO_EVENT",
	"ES_ERROR",
	"ES_INIT",
	"ES_ENTRY",
	"ES_EXIT",
	"ES_KEYINPUT",
	"ES_LISTEVENTS",
	"ES_TIMEOUT",
	"ES_TIMERACTIVE",
	"ES_TIMERSTOPPED",
	"BATTERY_CONNECTED",
	"BATTERY_DISCONNECTED",
	"NUMBEROFEVENTS",
};


[DEBUG]2016-11-05 22:52:04,921: None
[DEBUG]2016-11-05 22:52:04,921: None
[DEBUG]2016-11-05 22:52:04,922: None
[DEBUG]2016-11-05 22:52:04,922: None
[DEBUG]2016-11-05 22:52:04,922: None
[DEBUG]2016-11-05 22:52:04,923: None
[DEBUG]2016-11-05 22:52:04,923: None
[DEBUG]2016-11-05 22:52:04,923: None
[DEBUG]2016-11-05 22:52:04,923: None
[DEBUG]2016-11-05 22:52:04,924: None
[DEBUG]2016-11-05 22:52:04,924: None
[DEBUG]2016-11-05 22:52:04,924: None
[DEBUG]2016-11-05 22:52:04,924: None
[DEBUG]2016-11-05 22:52:04,924: None
[DEBUG]2016-11-05 22:52:04,925: None
[DEBUG]2016-11-05 22:52:04,925: None
[DEBUG]2016-11-05 22:52:04,925: None
[DEBUG]2016-11-05 22:52:04,925: None
[DEBUG]2016-11-05 22:52:04,925: None
[DEBUG]2016-11-05 22:52:04,925: None
[DEBUG]2016-11-05 22:52:04,926: None
[DEBUG]2016-11-05 22:52:04,926: None
[DEBUG]2016-11-05 22:52:04,926: None
[DEBUG]2016-11-05 22:52:04,926: None
[DEBUG]2016-11-05 22:52:04,926: None
[DEBUG]2016-11-05 22:52:04,926: None
[DEBUG]2016-11-05 22:52:04,926: None
[DEBUG]2016-11-05 22:52:04,927: None
[DEBUG]2016-11-05 22:52:04,927: None
[DEBUG]2016-11-05 22:52:04,927: None
[DEBUG]2016-11-05 22:52:04,927: None
[DEBUG]2016-11-05 22:52:04,927: None
[DEBUG]2016-11-05 22:52:04,927: None
[DEBUG]2016-11-05 22:52:04,927: None
[DEBUG]2016-11-05 22:52:04,927: None
[DEBUG]2016-11-05 22:52:04,928: None
[DEBUG]2016-11-05 22:52:04,928: None
[DEBUG]2016-11-05 22:52:04,928: None
[DEBUG]2016-11-05 22:52:04,928: None
[DEBUG]2016-11-05 22:52:04,928: None
[DEBUG]2016-11-05 22:52:04,928: None
[DEBUG]2016-11-05 22:52:04,928: None
[DEBUG]2016-11-05 22:52:04,928: None
[DEBUG]2016-11-05 22:52:04,928: None
[DEBUG]2016-11-05 22:52:04,930: None
[DEBUG]2016-11-05 22:52:04,930: None
[DEBUG]2016-11-05 22:52:04,930: None
[DEBUG]2016-11-05 22:52:04,930: None
[DEBUG]2016-11-05 22:52:04,930: None
[DEBUG]2016-11-05 22:52:04,930: None
[DEBUG]2016-11-05 22:52:04,930: None
[DEBUG]2016-11-05 22:52:04,930: None
[DEBUG]2016-11-05 22:52:04,930: None
[DEBUG]2016-11-05 22:52:04,930: None
[DEBUG]2016-11-05 22:52:04,932: None
[DEBUG]2016-11-05 22:52:04,932: None
[DEBUG]2016-11-05 22:52:04,932: None
[DEBUG]2016-11-05 22:52:04,932: None
[DEBUG]2016-11-05 22:52:04,932: None
[DEBUG]2016-11-05 22:52:04,932: None
[DEBUG]2016-11-05 22:52:04,932: None
[DEBUG]2016-11-05 22:52:04,932: None
[DEBUG]2016-11-05 22:52:04,932: None
[DEBUG]2016-11-05 22:52:04,932: None
[DEBUG]2016-11-05 22:52:04,932: None
[DEBUG]2016-11-05 22:52:04,934: None
[DEBUG]2016-11-05 22:52:04,934: None
[DEBUG]2016-11-05 22:52:04,934: None
[DEBUG]2016-11-05 22:52:04,934: None
[DEBUG]2016-11-05 22:52:04,934: None
[DEBUG]2016-11-05 22:52:04,934: None
[DEBUG]2016-11-05 22:52:04,934: None
[DEBUG]2016-11-05 22:52:04,934: None
[DEBUG]2016-11-05 22:52:04,934: None
[DEBUG]2016-11-05 22:52:04,934: None
[DEBUG]2016-11-05 22:52:04,934: None
[DEBUG]2016-11-05 22:52:04,934: None
[DEBUG]2016-11-05 22:52:04,937: None
[DEBUG]2016-11-05 22:52:04,937: None
[DEBUG]2016-11-05 22:52:04,937: None
[DEBUG]2016-11-05 22:52:04,937: None
[DEBUG]2016-11-05 22:52:04,937: None
[DEBUG]2016-11-05 22:52:04,937: None
[DEBUG]2016-11-05 22:52:04,937: None
[DEBUG]2016-11-05 22:52:04,937: None
[DEBUG]2016-11-05 22:52:04,937: None
[DEBUG]2016-11-05 22:52:04,937: None
[DEBUG]2016-11-05 22:52:04,937: None
[DEBUG]2016-11-05 22:52:04,937: None
[DEBUG]2016-11-05 22:52:04,937: None
[DEBUG]2016-11-05 22:52:04,939: None
[DEBUG]2016-11-05 22:52:04,939: None
[DEBUG]2016-11-05 22:52:04,939: None
[DEBUG]2016-11-05 22:52:04,939: None
[DEBUG]2016-11-05 22:52:04,939: None
[DEBUG]2016-11-05 22:52:04,939: None
[DEBUG]2016-11-05 22:52:04,939: None
[DEBUG]2016-11-05 22:52:04,939: None
[DEBUG]2016-11-05 22:52:04,939: None
[DEBUG]2016-11-05 22:52:04,939: None
[DEBUG]2016-11-05 22:52:04,939: None
[DEBUG]2016-11-05 22:52:04,939: None
[DEBUG]2016-11-05 22:52:04,939: None
[DEBUG]2016-11-05 22:52:04,939: None
[DEBUG]2016-11-05 22:52:49,195: <_sre.SRE_Match object; span=(1081, 1774), match='typedef enum {\n    ES_NO_EVENT, ES_ERROR, /* use>
[DEBUG]2016-11-05 22:52:49,195: ['ES_NO_EVENT', 'ES_ERROR', 'ES_INIT', 'ES_ENTRY', 'ES_EXIT', 'ES_KEYINPUT', 'ES_LISTEVENTS', 'ES_TIMEOUT', 'ES_TIMERACTIVE', 'ES_TIMERSTOPPED', 'BATTERY_CONNECTED', 'BATTERY_DISCONNECTED', 'NUMBEROFEVENTS']
[DEBUG]2016-11-05 22:52:49,195: 
static const char *EventNames[] = {
	"ES_NO_EVENT",
	"ES_ERROR",
	"ES_INIT",
	"ES_ENTRY",
	"ES_EXIT",
	"ES_KEYINPUT",
	"ES_LISTEVENTS",
	"ES_TIMEOUT",
	"ES_TIMERACTIVE",
	"ES_TIMERSTOPPED",
	"BATTERY_CONNECTED",
	"BATTERY_DISCONNECTED",
	"NUMBEROFEVENTS",
};


[DEBUG]2016-11-05 22:52:49,198: None
[DEBUG]2016-11-05 22:52:49,198: None
[DEBUG]2016-11-05 22:52:49,199: None
[DEBUG]2016-11-05 22:52:49,199: None
[DEBUG]2016-11-05 22:52:49,199: None
[DEBUG]2016-11-05 22:52:49,199: None
[DEBUG]2016-11-05 22:52:49,199: None
[DEBUG]2016-11-05 22:52:49,199: None
[DEBUG]2016-11-05 22:52:49,199: None
[DEBUG]2016-11-05 22:52:49,200: None
[DEBUG]2016-11-05 22:52:49,200: None
[DEBUG]2016-11-05 22:52:49,200: None
[DEBUG]2016-11-05 22:52:49,200: None
[DEBUG]2016-11-05 22:52:49,200: None
[DEBUG]2016-11-05 22:52:49,201: None
[DEBUG]2016-11-05 22:52:49,201: None
[DEBUG]2016-11-05 22:52:49,201: None
[DEBUG]2016-11-05 22:52:49,201: None
[DEBUG]2016-11-05 22:52:49,201: None
[DEBUG]2016-11-05 22:52:49,201: None
[DEBUG]2016-11-05 22:52:49,202: None
[DEBUG]2016-11-05 22:52:49,202: None
[DEBUG]2016-11-05 22:52:49,202: None
[DEBUG]2016-11-05 22:52:49,202: None
[DEBUG]2016-11-05 22:52:49,202: None
[DEBUG]2016-11-05 22:52:49,202: None
[DEBUG]2016-11-05 22:52:49,202: None
[DEBUG]2016-11-05 22:52:49,203: None
[DEBUG]2016-11-05 22:52:49,203: None
[DEBUG]2016-11-05 22:52:49,203: None
[DEBUG]2016-11-05 22:52:49,203: None
[DEBUG]2016-11-05 22:52:49,203: None
[DEBUG]2016-11-05 22:52:49,203: None
[DEBUG]2016-11-05 22:52:49,203: None
[DEBUG]2016-11-05 22:52:49,203: None
[DEBUG]2016-11-05 22:52:49,204: None
[DEBUG]2016-11-05 22:52:49,204: None
[DEBUG]2016-11-05 22:52:49,204: None
[DEBUG]2016-11-05 22:52:49,204: None
[DEBUG]2016-11-05 22:52:49,204: None
[DEBUG]2016-11-05 22:52:49,204: None
[DEBUG]2016-11-05 22:52:49,204: None
[DEBUG]2016-11-05 22:52:49,204: None
[DEBUG]2016-11-05 22:52:49,204: None
[DEBUG]2016-11-05 22:52:49,206: None
[DEBUG]2016-11-05 22:52:49,206: None
[DEBUG]2016-11-05 22:52:49,206: None
[DEBUG]2016-11-05 22:52:49,206: None
[DEBUG]2016-11-05 22:52:49,206: None
[DEBUG]2016-11-05 22:52:49,206: None
[DEBUG]2016-11-05 22:52:49,206: None
[DEBUG]2016-11-05 22:52:49,206: None
[DEBUG]2016-11-05 22:52:49,206: None
[DEBUG]2016-11-05 22:52:49,206: None
[DEBUG]2016-11-05 22:52:49,207: None
[DEBUG]2016-11-05 22:52:49,207: None
[DEBUG]2016-11-05 22:52:49,207: None
[DEBUG]2016-11-05 22:52:49,207: None
[DEBUG]2016-11-05 22:52:49,207: None
[DEBUG]2016-11-05 22:52:49,207: None
[DEBUG]2016-11-05 22:52:49,207: None
[DEBUG]2016-11-05 22:52:49,207: None
[DEBUG]2016-11-05 22:52:49,207: None
[DEBUG]2016-11-05 22:52:49,207: None
[DEBUG]2016-11-05 22:52:49,207: None
[DEBUG]2016-11-05 22:52:49,209: None
[DEBUG]2016-11-05 22:52:49,209: None
[DEBUG]2016-11-05 22:52:49,209: None
[DEBUG]2016-11-05 22:52:49,209: None
[DEBUG]2016-11-05 22:52:49,209: None
[DEBUG]2016-11-05 22:52:49,209: None
[DEBUG]2016-11-05 22:52:49,209: None
[DEBUG]2016-11-05 22:52:49,209: None
[DEBUG]2016-11-05 22:52:49,209: None
[DEBUG]2016-11-05 22:52:49,209: None
[DEBUG]2016-11-05 22:52:49,209: None
[DEBUG]2016-11-05 22:52:49,209: None
[DEBUG]2016-11-05 22:52:49,210: None
[DEBUG]2016-11-05 22:52:49,210: None
[DEBUG]2016-11-05 22:52:49,210: None
[DEBUG]2016-11-05 22:52:49,210: None
[DEBUG]2016-11-05 22:52:49,210: None
[DEBUG]2016-11-05 22:52:49,210: None
[DEBUG]2016-11-05 22:52:49,210: None
[DEBUG]2016-11-05 22:52:49,210: None
[DEBUG]2016-11-05 22:52:49,210: None
[DEBUG]2016-11-05 22:52:49,210: None
[DEBUG]2016-11-05 22:52:49,210: None
[DEBUG]2016-11-05 22:52:49,210: None
[DEBUG]2016-11-05 22:52:49,210: None
[DEBUG]2016-11-05 22:52:49,211: None
[DEBUG]2016-11-05 22:52:49,211: None
[DEBUG]2016-11-05 22:52:49,211: None
[DEBUG]2016-11-05 22:52:49,211: None
[DEBUG]2016-11-05 22:52:49,211: None
[DEBUG]2016-11-05 22:52:49,211: None
[DEBUG]2016-11-05 22:52:49,211: None
[DEBUG]2016-11-05 22:52:49,211: None
[DEBUG]2016-11-05 22:52:49,211: None
[DEBUG]2016-11-05 22:52:49,211: None
[DEBUG]2016-11-05 22:52:49,211: None
[DEBUG]2016-11-05 22:52:49,211: None
[DEBUG]2016-11-05 22:52:49,211: None
[DEBUG]2016-11-05 22:52:49,211: None
[DEBUG]2016-11-05 22:52:49,213: <_sre.SRE_Match object; span=(2010, 2078), match='typedef enum {\n    InitPState,\n    FirstState,\>
[DEBUG]2016-11-05 22:52:49,213: <_sre.SRE_Match object; span=(2010, 2078), match='typedef enum {\n    InitPState,\n    FirstState,\>
[DEBUG]2016-11-05 22:52:49,213: <_sre.SRE_Match object; span=(2010, 2078), match='typedef enum {\n    InitPState,\n    FirstState,\>
[DEBUG]2016-11-05 22:52:49,213: <_sre.SRE_Match object; span=(2010, 2078), match='typedef enum {\n    InitPState,\n    FirstState,\>
[DEBUG]2016-11-05 22:52:49,213: <_sre.SRE_Match object; span=(2010, 2078), match='typedef enum {\n    InitPState,\n    FirstState,\>
[DEBUG]2016-11-05 22:52:49,213: <_sre.SRE_Match object; span=(2010, 2078), match='typedef enum {\n    InitPState,\n    FirstState,\>
[DEBUG]2016-11-05 22:52:49,213: <_sre.SRE_Match object; span=(2010, 2078), match='typedef enum {\n    InitPState,\n    FirstState,\>
[DEBUG]2016-11-05 22:52:49,213: <_sre.SRE_Match object; span=(2010, 2078), match='typedef enum {\n    InitPState,\n    FirstState,\>
[DEBUG]2016-11-05 22:52:49,213: <_sre.SRE_Match object; span=(2010, 2078), match='typedef enum {\n    InitPState,\n    FirstState,\>
[DEBUG]2016-11-05 22:52:49,213: <_sre.SRE_Match object; span=(2010, 2078), match='typedef enum {\n    InitPState,\n    FirstState,\>
[DEBUG]2016-11-05 22:52:49,213: <_sre.SRE_Match object; span=(2010, 2078), match='typedef enum {\n    InitPState,\n    FirstState,\>
[DEBUG]2016-11-05 22:52:49,213: <_sre.SRE_Match object; span=(2010, 2078), match='typedef enum {\n    InitPState,\n    FirstState,\>
[DEBUG]2016-11-05 22:52:49,213: <_sre.SRE_Match object; span=(2010, 2078), match='typedef enum {\n    InitPState,\n    FirstState,\>
[DEBUG]2016-11-05 22:52:49,213: <_sre.SRE_Match object; span=(2010, 2078), match='typedef enum {\n    InitPState,\n    FirstState,\>
[DEBUG]2016-11-05 22:52:49,213: <_sre.SRE_Match object; span=(2010, 2078), match='typedef enum {\n    InitPState,\n    FirstState,\>
[DEBUG]2016-11-05 22:52:49,213: ['InitPState', 'FirstState']
[DEBUG]2016-11-05 22:52:49,213: ['InitPState', 'FirstState']
[DEBUG]2016-11-05 22:52:49,213: ['InitPState', 'FirstState']
[DEBUG]2016-11-05 22:52:49,213: ['InitPState', 'FirstState']
[DEBUG]2016-11-05 22:52:49,213: ['InitPState', 'FirstState']
[DEBUG]2016-11-05 22:52:49,213: ['InitPState', 'FirstState']
[DEBUG]2016-11-05 22:52:49,213: ['InitPState', 'FirstState']
[DEBUG]2016-11-05 22:52:49,213: ['InitPState', 'FirstState']
[DEBUG]2016-11-05 22:52:49,213: ['InitPState', 'FirstState']
[DEBUG]2016-11-05 22:52:49,213: ['InitPState', 'FirstState']
[DEBUG]2016-11-05 22:52:49,213: ['InitPState', 'FirstState']
[DEBUG]2016-11-05 22:52:49,213: ['InitPState', 'FirstState']
[DEBUG]2016-11-05 22:52:49,213: ['InitPState', 'FirstState']
[DEBUG]2016-11-05 22:52:49,213: ['InitPState', 'FirstState']
[DEBUG]2016-11-05 22:52:49,213: ['InitPState', 'FirstState']
[DEBUG]2016-11-05 22:52:49,214: 
static const char *StateNames[] = {
	"InitPState",
	"FirstState",
};


[DEBUG]2016-11-05 22:52:49,214: 
static const char *StateNames[] = {
	"InitPState",
	"FirstState",
};


[DEBUG]2016-11-05 22:52:49,214: 
static const char *StateNames[] = {
	"InitPState",
	"FirstState",
};


[DEBUG]2016-11-05 22:52:49,214: 
static const char *StateNames[] = {
	"InitPState",
	"FirstState",
};


[DEBUG]2016-11-05 22:52:49,214: 
static const char *StateNames[] = {
	"InitPState",
	"FirstState",
};


[DEBUG]2016-11-05 22:52:49,214: 
static const char *StateNames[] = {
	"InitPState",
	"FirstState",
};


[DEBUG]2016-11-05 22:52:49,214: 
static const char *StateNames[] = {
	"InitPState",
	"FirstState",
};


[DEBUG]2016-11-05 22:52:49,214: 
static const char *StateNames[] = {
	"InitPState",
	"FirstState",
};


[DEBUG]2016-11-05 22:52:49,214: 
static const char *StateNames[] = {
	"InitPState",
	"FirstState",
};


[DEBUG]2016-11-05 22:52:49,214: 
static const char *StateNames[] = {
	"InitPState",
	"FirstState",
};


[DEBUG]2016-11-05 22:52:49,214: 
static const char *StateNames[] = {
	"InitPState",
	"FirstState",
};


[DEBUG]2016-11-05 22:52:49,214: 
static const char *StateNames[] = {
	"InitPState",
	"FirstState",
};


[DEBUG]2016-11-05 22:52:49,214: 
static const char *StateNames[] = {
	"InitPState",
	"FirstState",
};


[DEBUG]2016-11-05 22:52:49,214: 
static const char *StateNames[] = {
	"InitPState",
	"FirstState",
};


[DEBUG]2016-11-05 22:52:49,214: 
static const char *StateNames[] = {
	"InitPState",
	"FirstState",
};


[DEBUG]2016-11-05 22:53:49,512: <_sre.SRE_Match object; span=(1081, 1774), match='typedef enum {\n    ES_NO_EVENT, ES_ERROR, /* use>
[DEBUG]2016-11-05 22:53:49,512: ['ES_NO_EVENT', 'ES_ERROR', 'ES_INIT', 'ES_ENTRY', 'ES_EXIT', 'ES_KEYINPUT', 'ES_LISTEVENTS', 'ES_TIMEOUT', 'ES_TIMERACTIVE', 'ES_TIMERSTOPPED', 'BATTERY_CONNECTED', 'BATTERY_DISCONNECTED', 'NUMBEROFEVENTS']
[DEBUG]2016-11-05 22:53:49,512: 
static const char *EventNames[] = {
	"ES_NO_EVENT",
	"ES_ERROR",
	"ES_INIT",
	"ES_ENTRY",
	"ES_EXIT",
	"ES_KEYINPUT",
	"ES_LISTEVENTS",
	"ES_TIMEOUT",
	"ES_TIMERACTIVE",
	"ES_TIMERSTOPPED",
	"BATTERY_CONNECTED",
	"BATTERY_DISCONNECTED",
	"NUMBEROFEVENTS",
};


[DEBUG]2016-11-05 22:53:49,514: None
[DEBUG]2016-11-05 22:53:49,514: None
[DEBUG]2016-11-05 22:53:49,515: None
[DEBUG]2016-11-05 22:53:49,515: None
[DEBUG]2016-11-05 22:53:49,515: None
[DEBUG]2016-11-05 22:53:49,516: None
[DEBUG]2016-11-05 22:53:49,516: None
[DEBUG]2016-11-05 22:53:49,516: None
[DEBUG]2016-11-05 22:53:49,516: None
[DEBUG]2016-11-05 22:53:49,517: None
[DEBUG]2016-11-05 22:53:49,517: None
[DEBUG]2016-11-05 22:53:49,517: None
[DEBUG]2016-11-05 22:53:49,517: None
[DEBUG]2016-11-05 22:53:49,517: None
[DEBUG]2016-11-05 22:53:49,518: None
[DEBUG]2016-11-05 22:53:49,518: None
[DEBUG]2016-11-05 22:53:49,518: None
[DEBUG]2016-11-05 22:53:49,518: None
[DEBUG]2016-11-05 22:53:49,518: None
[DEBUG]2016-11-05 22:53:49,518: None
[DEBUG]2016-11-05 22:53:49,519: None
[DEBUG]2016-11-05 22:53:49,519: None
[DEBUG]2016-11-05 22:53:49,519: None
[DEBUG]2016-11-05 22:53:49,519: None
[DEBUG]2016-11-05 22:53:49,519: None
[DEBUG]2016-11-05 22:53:49,519: None
[DEBUG]2016-11-05 22:53:49,519: None
[DEBUG]2016-11-05 22:53:49,520: None
[DEBUG]2016-11-05 22:53:49,520: None
[DEBUG]2016-11-05 22:53:49,520: None
[DEBUG]2016-11-05 22:53:49,520: None
[DEBUG]2016-11-05 22:53:49,520: None
[DEBUG]2016-11-05 22:53:49,520: None
[DEBUG]2016-11-05 22:53:49,520: None
[DEBUG]2016-11-05 22:53:49,520: None
[DEBUG]2016-11-05 22:53:49,521: None
[DEBUG]2016-11-05 22:53:49,521: None
[DEBUG]2016-11-05 22:53:49,521: None
[DEBUG]2016-11-05 22:53:49,521: None
[DEBUG]2016-11-05 22:53:49,521: None
[DEBUG]2016-11-05 22:53:49,521: None
[DEBUG]2016-11-05 22:53:49,521: None
[DEBUG]2016-11-05 22:53:49,521: None
[DEBUG]2016-11-05 22:53:49,521: None
[DEBUG]2016-11-05 22:53:49,522: None
[DEBUG]2016-11-05 22:53:49,522: None
[DEBUG]2016-11-05 22:53:49,522: None
[DEBUG]2016-11-05 22:53:49,522: None
[DEBUG]2016-11-05 22:53:49,522: None
[DEBUG]2016-11-05 22:53:49,522: None
[DEBUG]2016-11-05 22:53:49,522: None
[DEBUG]2016-11-05 22:53:49,522: None
[DEBUG]2016-11-05 22:53:49,522: None
[DEBUG]2016-11-05 22:53:49,522: None
[DEBUG]2016-11-05 22:53:49,524: None
[DEBUG]2016-11-05 22:53:49,524: None
[DEBUG]2016-11-05 22:53:49,524: None
[DEBUG]2016-11-05 22:53:49,524: None
[DEBUG]2016-11-05 22:53:49,524: None
[DEBUG]2016-11-05 22:53:49,524: None
[DEBUG]2016-11-05 22:53:49,524: None
[DEBUG]2016-11-05 22:53:49,524: None
[DEBUG]2016-11-05 22:53:49,524: None
[DEBUG]2016-11-05 22:53:49,524: None
[DEBUG]2016-11-05 22:53:49,524: None
[DEBUG]2016-11-05 22:53:49,525: None
[DEBUG]2016-11-05 22:53:49,525: None
[DEBUG]2016-11-05 22:53:49,525: None
[DEBUG]2016-11-05 22:53:49,525: None
[DEBUG]2016-11-05 22:53:49,525: None
[DEBUG]2016-11-05 22:53:49,525: None
[DEBUG]2016-11-05 22:53:49,525: None
[DEBUG]2016-11-05 22:53:49,525: None
[DEBUG]2016-11-05 22:53:49,525: None
[DEBUG]2016-11-05 22:53:49,525: None
[DEBUG]2016-11-05 22:53:49,525: None
[DEBUG]2016-11-05 22:53:49,525: None
[DEBUG]2016-11-05 22:53:49,526: None
[DEBUG]2016-11-05 22:53:49,526: None
[DEBUG]2016-11-05 22:53:49,526: None
[DEBUG]2016-11-05 22:53:49,526: None
[DEBUG]2016-11-05 22:53:49,526: None
[DEBUG]2016-11-05 22:53:49,526: None
[DEBUG]2016-11-05 22:53:49,526: None
[DEBUG]2016-11-05 22:53:49,526: None
[DEBUG]2016-11-05 22:53:49,526: None
[DEBUG]2016-11-05 22:53:49,526: None
[DEBUG]2016-11-05 22:53:49,526: None
[DEBUG]2016-11-05 22:53:49,526: None
[DEBUG]2016-11-05 22:53:49,526: None
[DEBUG]2016-11-05 22:53:49,527: None
[DEBUG]2016-11-05 22:53:49,527: None
[DEBUG]2016-11-05 22:53:49,527: None
[DEBUG]2016-11-05 22:53:49,527: None
[DEBUG]2016-11-05 22:53:49,527: None
[DEBUG]2016-11-05 22:53:49,527: None
[DEBUG]2016-11-05 22:53:49,527: None
[DEBUG]2016-11-05 22:53:49,527: None
[DEBUG]2016-11-05 22:53:49,527: None
[DEBUG]2016-11-05 22:53:49,527: None
[DEBUG]2016-11-05 22:53:49,527: None
[DEBUG]2016-11-05 22:53:49,527: None
[DEBUG]2016-11-05 22:53:49,527: None
[DEBUG]2016-11-05 22:53:49,527: None
[DEBUG]2016-11-05 22:53:49,529: <_sre.SRE_Match object; span=(2010, 2078), match='typedef enum {\n    InitPState,\n    FirstState,\>
[DEBUG]2016-11-05 22:53:49,529: <_sre.SRE_Match object; span=(2010, 2078), match='typedef enum {\n    InitPState,\n    FirstState,\>
[DEBUG]2016-11-05 22:53:49,529: <_sre.SRE_Match object; span=(2010, 2078), match='typedef enum {\n    InitPState,\n    FirstState,\>
[DEBUG]2016-11-05 22:53:49,529: <_sre.SRE_Match object; span=(2010, 2078), match='typedef enum {\n    InitPState,\n    FirstState,\>
[DEBUG]2016-11-05 22:53:49,529: <_sre.SRE_Match object; span=(2010, 2078), match='typedef enum {\n    InitPState,\n    FirstState,\>
[DEBUG]2016-11-05 22:53:49,529: <_sre.SRE_Match object; span=(2010, 2078), match='typedef enum {\n    InitPState,\n    FirstState,\>
[DEBUG]2016-11-05 22:53:49,529: <_sre.SRE_Match object; span=(2010, 2078), match='typedef enum {\n    InitPState,\n    FirstState,\>
[DEBUG]2016-11-05 22:53:49,529: <_sre.SRE_Match object; span=(2010, 2078), match='typedef enum {\n    InitPState,\n    FirstState,\>
[DEBUG]2016-11-05 22:53:49,529: <_sre.SRE_Match object; span=(2010, 2078), match='typedef enum {\n    InitPState,\n    FirstState,\>
[DEBUG]2016-11-05 22:53:49,529: <_sre.SRE_Match object; span=(2010, 2078), match='typedef enum {\n    InitPState,\n    FirstState,\>
[DEBUG]2016-11-05 22:53:49,529: <_sre.SRE_Match object; span=(2010, 2078), match='typedef enum {\n    InitPState,\n    FirstState,\>
[DEBUG]2016-11-05 22:53:49,529: <_sre.SRE_Match object; span=(2010, 2078), match='typedef enum {\n    InitPState,\n    FirstState,\>
[DEBUG]2016-11-05 22:53:49,529: <_sre.SRE_Match object; span=(2010, 2078), match='typedef enum {\n    InitPState,\n    FirstState,\>
[DEBUG]2016-11-05 22:53:49,529: <_sre.SRE_Match object; span=(2010, 2078), match='typedef enum {\n    InitPState,\n    FirstState,\>
[DEBUG]2016-11-05 22:53:49,529: <_sre.SRE_Match object; span=(2010, 2078), match='typedef enum {\n    InitPState,\n    FirstState,\>
[DEBUG]2016-11-05 22:53:49,529: ['InitPState', 'FirstState']
[DEBUG]2016-11-05 22:53:49,529: ['InitPState', 'FirstState']
[DEBUG]2016-11-05 22:53:49,529: ['InitPState', 'FirstState']
[DEBUG]2016-11-05 22:53:49,529: ['InitPState', 'FirstState']
[DEBUG]2016-11-05 22:53:49,529: ['InitPState', 'FirstState']
[DEBUG]2016-11-05 22:53:49,529: ['InitPState', 'FirstState']
[DEBUG]2016-11-05 22:53:49,529: ['InitPState', 'FirstState']
[DEBUG]2016-11-05 22:53:49,529: ['InitPState', 'FirstState']
[DEBUG]2016-11-05 22:53:49,529: ['InitPState', 'FirstState']
[DEBUG]2016-11-05 22:53:49,529: ['InitPState', 'FirstState']
[DEBUG]2016-11-05 22:53:49,529: ['InitPState', 'FirstState']
[DEBUG]2016-11-05 22:53:49,529: ['InitPState', 'FirstState']
[DEBUG]2016-11-05 22:53:49,529: ['InitPState', 'FirstState']
[DEBUG]2016-11-05 22:53:49,529: ['InitPState', 'FirstState']
[DEBUG]2016-11-05 22:53:49,529: ['InitPState', 'FirstState']
[DEBUG]2016-11-05 22:53:49,530: 
static const char *StateNames[] = {
	"InitPState",
	"FirstState",
};


[DEBUG]2016-11-05 22:53:49,530: 
static const char *StateNames[] = {
	"InitPState",
	"FirstState",
};


[DEBUG]2016-11-05 22:53:49,530: 
static const char *StateNames[] = {
	"InitPState",
	"FirstState",
};


[DEBUG]2016-11-05 22:53:49,530: 
static const char *StateNames[] = {
	"InitPState",
	"FirstState",
};


[DEBUG]2016-11-05 22:53:49,530: 
static const char *StateNames[] = {
	"InitPState",
	"FirstState",
};


[DEBUG]2016-11-05 22:53:49,530: 
static const char *StateNames[] = {
	"InitPState",
	"FirstState",
};


[DEBUG]2016-11-05 22:53:49,530: 
static const char *StateNames[] = {
	"InitPState",
	"FirstState",
};


[DEBUG]2016-11-05 22:53:49,530: 
static const char *StateNames[] = {
	"InitPState",
	"FirstState",
};


[DEBUG]2016-11-05 22:53:49,530: 
static const char *StateNames[] = {
	"InitPState",
	"FirstState",
};


[DEBUG]2016-11-05 22:53:49,530: 
static const char *StateNames[] = {
	"InitPState",
	"FirstState",
};


[DEBUG]2016-11-05 22:53:49,530: 
static const char *StateNames[] = {
	"InitPState",
	"FirstState",
};


[DEBUG]2016-11-05 22:53:49,530: 
static const char *StateNames[] = {
	"InitPState",
	"FirstState",
};


[DEBUG]2016-11-05 22:53:49,530: 
static const char *StateNames[] = {
	"InitPState",
	"FirstState",
};


[DEBUG]2016-11-05 22:53:49,530: 
static const char *StateNames[] = {
	"InitPState",
	"FirstState",
};


[DEBUG]2016-11-05 22:53:49,530: 
static const char *StateNames[] = {
	"InitPState",
	"FirstState",
};


[DEBUG]2016-11-05 22:53:49,531: <_sre.SRE_Match object; span=(1568, 1645), match='typedef enum {\n    InitPSubState,\n    SubFirstS>
[DEBUG]2016-11-05 22:53:49,531: <_sre.SRE_Match object; span=(1568, 1645), match='typedef enum {\n    InitPSubState,\n    SubFirstS>
[DEBUG]2016-11-05 22:53:49,531: <_sre.SRE_Match object; span=(1568, 1645), match='typedef enum {\n    InitPSubState,\n    SubFirstS>
[DEBUG]2016-11-05 22:53:49,531: <_sre.SRE_Match object; span=(1568, 1645), match='typedef enum {\n    InitPSubState,\n    SubFirstS>
[DEBUG]2016-11-05 22:53:49,531: <_sre.SRE_Match object; span=(1568, 1645), match='typedef enum {\n    InitPSubState,\n    SubFirstS>
[DEBUG]2016-11-05 22:53:49,531: <_sre.SRE_Match object; span=(1568, 1645), match='typedef enum {\n    InitPSubState,\n    SubFirstS>
[DEBUG]2016-11-05 22:53:49,531: <_sre.SRE_Match object; span=(1568, 1645), match='typedef enum {\n    InitPSubState,\n    SubFirstS>
[DEBUG]2016-11-05 22:53:49,531: <_sre.SRE_Match object; span=(1568, 1645), match='typedef enum {\n    InitPSubState,\n    SubFirstS>
[DEBUG]2016-11-05 22:53:49,531: <_sre.SRE_Match object; span=(1568, 1645), match='typedef enum {\n    InitPSubState,\n    SubFirstS>
[DEBUG]2016-11-05 22:53:49,531: <_sre.SRE_Match object; span=(1568, 1645), match='typedef enum {\n    InitPSubState,\n    SubFirstS>
[DEBUG]2016-11-05 22:53:49,531: <_sre.SRE_Match object; span=(1568, 1645), match='typedef enum {\n    InitPSubState,\n    SubFirstS>
[DEBUG]2016-11-05 22:53:49,531: <_sre.SRE_Match object; span=(1568, 1645), match='typedef enum {\n    InitPSubState,\n    SubFirstS>
[DEBUG]2016-11-05 22:53:49,531: <_sre.SRE_Match object; span=(1568, 1645), match='typedef enum {\n    InitPSubState,\n    SubFirstS>
[DEBUG]2016-11-05 22:53:49,531: <_sre.SRE_Match object; span=(1568, 1645), match='typedef enum {\n    InitPSubState,\n    SubFirstS>
[DEBUG]2016-11-05 22:53:49,531: <_sre.SRE_Match object; span=(1568, 1645), match='typedef enum {\n    InitPSubState,\n    SubFirstS>
[DEBUG]2016-11-05 22:53:49,531: <_sre.SRE_Match object; span=(1568, 1645), match='typedef enum {\n    InitPSubState,\n    SubFirstS>
[DEBUG]2016-11-05 22:53:49,532: ['InitPSubState', 'SubFirstState']
[DEBUG]2016-11-05 22:53:49,532: ['InitPSubState', 'SubFirstState']
[DEBUG]2016-11-05 22:53:49,532: ['InitPSubState', 'SubFirstState']
[DEBUG]2016-11-05 22:53:49,532: ['InitPSubState', 'SubFirstState']
[DEBUG]2016-11-05 22:53:49,532: ['InitPSubState', 'SubFirstState']
[DEBUG]2016-11-05 22:53:49,532: ['InitPSubState', 'SubFirstState']
[DEBUG]2016-11-05 22:53:49,532: ['InitPSubState', 'SubFirstState']
[DEBUG]2016-11-05 22:53:49,532: ['InitPSubState', 'SubFirstState']
[DEBUG]2016-11-05 22:53:49,532: ['InitPSubState', 'SubFirstState']
[DEBUG]2016-11-05 22:53:49,532: ['InitPSubState', 'SubFirstState']
[DEBUG]2016-11-05 22:53:49,532: ['InitPSubState', 'SubFirstState']
[DEBUG]2016-11-05 22:53:49,532: ['InitPSubState', 'SubFirstState']
[DEBUG]2016-11-05 22:53:49,532: ['InitPSubState', 'SubFirstState']
[DEBUG]2016-11-05 22:53:49,532: ['InitPSubState', 'SubFirstState']
[DEBUG]2016-11-05 22:53:49,532: ['InitPSubState', 'SubFirstState']
[DEBUG]2016-11-05 22:53:49,532: ['InitPSubState', 'SubFirstState']
[DEBUG]2016-11-05 22:53:49,533: 
static const char *StateNames[] = {
	"InitPSubState",
	"SubFirstState",
};


[DEBUG]2016-11-05 22:53:49,533: 
static const char *StateNames[] = {
	"InitPSubState",
	"SubFirstState",
};


[DEBUG]2016-11-05 22:53:49,533: 
static const char *StateNames[] = {
	"InitPSubState",
	"SubFirstState",
};


[DEBUG]2016-11-05 22:53:49,533: 
static const char *StateNames[] = {
	"InitPSubState",
	"SubFirstState",
};


[DEBUG]2016-11-05 22:53:49,533: 
static const char *StateNames[] = {
	"InitPSubState",
	"SubFirstState",
};


[DEBUG]2016-11-05 22:53:49,533: 
static const char *StateNames[] = {
	"InitPSubState",
	"SubFirstState",
};


[DEBUG]2016-11-05 22:53:49,533: 
static const char *StateNames[] = {
	"InitPSubState",
	"SubFirstState",
};


[DEBUG]2016-11-05 22:53:49,533: 
static const char *StateNames[] = {
	"InitPSubState",
	"SubFirstState",
};


[DEBUG]2016-11-05 22:53:49,533: 
static const char *StateNames[] = {
	"InitPSubState",
	"SubFirstState",
};


[DEBUG]2016-11-05 22:53:49,533: 
static const char *StateNames[] = {
	"InitPSubState",
	"SubFirstState",
};


[DEBUG]2016-11-05 22:53:49,533: 
static const char *StateNames[] = {
	"InitPSubState",
	"SubFirstState",
};


[DEBUG]2016-11-05 22:53:49,533: 
static const char *StateNames[] = {
	"InitPSubState",
	"SubFirstState",
};


[DEBUG]2016-11-05 22:53:49,533: 
static const char *StateNames[] = {
	"InitPSubState",
	"SubFirstState",
};


[DEBUG]2016-11-05 22:53:49,533: 
static const char *StateNames[] = {
	"InitPSubState",
	"SubFirstState",
};


[DEBUG]2016-11-05 22:53:49,533: 
static const char *StateNames[] = {
	"InitPSubState",
	"SubFirstState",
};


[DEBUG]2016-11-05 22:53:49,533: 
static const char *StateNames[] = {
	"InitPSubState",
	"SubFirstState",
};


